Start testing: Feb 04 21:06 EST
----------------------------------------------------------
1/7 Testing: Balls
1/7 Test: Balls
Command: "/home/jagen31/Robotics/HotTarget/HotTarget/run" "/home/jagen31/Robotics/HotTarget/HotTarget/balls.jpg"
Directory: /home/jagen31/Robotics/HotTarget/HotTarget
"Balls" start time: Feb 04 21:06 EST
Output:
----------------------------------------------------------
terminate called after throwing an instance of 'std::logic_error'
  what():  basic_string::_S_construct null not valid
<end of output>
Test time =   0.05 sec
----------------------------------------------------------
Test Fail Reason:
Required regular expression not found.Regex=[horiz target finder found 0 match(es)*
vert target finder found 0 match(es)*
]
"Balls" end time: Feb 04 21:06 EST
"Balls" time elapsed: 00:00:00
----------------------------------------------------------

2/7 Testing: BlueBall
2/7 Test: BlueBall
Command: "/home/jagen31/Robotics/HotTarget/HotTarget/run" "/home/jagen31/Robotics/HotTarget/HotTarget/blueball.jpg"
Directory: /home/jagen31/Robotics/HotTarget/HotTarget
"BlueBall" start time: Feb 04 21:06 EST
Output:
----------------------------------------------------------
terminate called after throwing an instance of 'std::logic_error'
  what():  basic_string::_S_construct null not valid
<end of output>
Test time =   0.05 sec
----------------------------------------------------------
Test Fail Reason:
Required regular expression not found.Regex=[horiz target finder found 0 match(es)*
vert target finder found 0 match(es)*
red ball finder found 0 match(es)*
]
"BlueBall" end time: Feb 04 21:06 EST
"BlueBall" time elapsed: 00:00:00
----------------------------------------------------------

3/7 Testing: Target1
3/7 Test: Target1
Command: "/home/jagen31/Robotics/HotTarget/HotTarget/run" "/home/jagen31/Robotics/HotTarget/HotTarget/target1.jpg"
Directory: /home/jagen31/Robotics/HotTarget/HotTarget
"Target1" start time: Feb 04 21:06 EST
Output:
----------------------------------------------------------
terminate called after throwing an instance of 'std::logic_error'
  what():  basic_string::_S_construct null not valid
<end of output>
Test time =   0.05 sec
----------------------------------------------------------
Test Fail Reason:
Required regular expression not found.Regex=[red ball finder found 0 match(es)*
blue ball finder found 0 match(es)*
]
"Target1" end time: Feb 04 21:06 EST
"Target1" time elapsed: 00:00:00
----------------------------------------------------------

4/7 Testing: Balls3
4/7 Test: Balls3
Command: "/home/jagen31/Robotics/HotTarget/HotTarget/run" "/home/jagen31/Robotics/HotTarget/HotTarget/balls3.jpg"
Directory: /home/jagen31/Robotics/HotTarget/HotTarget
"Balls3" start time: Feb 04 21:06 EST
Output:
----------------------------------------------------------
terminate called after throwing an instance of 'std::logic_error'
  what():  basic_string::_S_construct null not valid
<end of output>
Test time =   0.05 sec
----------------------------------------------------------
Test Fail Reason:
Required regular expression not found.Regex=[horiz target finder found 0 match(es)*
vert target finder found 0 match(es)*
blue ball finder found 0 match(es)*
]
"Balls3" end time: Feb 04 21:06 EST
"Balls3" time elapsed: 00:00:00
----------------------------------------------------------

5/7 Testing: ballOnChair
5/7 Test: ballOnChair
Command: "/home/jagen31/Robotics/HotTarget/HotTarget/run" "/home/jagen31/Robotics/HotTarget/HotTarget/ballOnChair.jpg"
Directory: /home/jagen31/Robotics/HotTarget/HotTarget
"ballOnChair" start time: Feb 04 21:06 EST
Output:
----------------------------------------------------------
terminate called after throwing an instance of 'std::logic_error'
  what():  basic_string::_S_construct null not valid
<end of output>
Test time =   0.05 sec
----------------------------------------------------------
Test Fail Reason:
Required regular expression not found.Regex=[horiz target finder found 0 match(es)*
vert target finder found 0 match(es)*
red ball finder found 0 match(es)*
]
"ballOnChair" end time: Feb 04 21:06 EST
"ballOnChair" time elapsed: 00:00:00
----------------------------------------------------------

6/7 Testing: Target2
6/7 Test: Target2
Command: "/home/jagen31/Robotics/HotTarget/HotTarget/run" "/home/jagen31/Robotics/HotTarget/HotTarget/target2.jpg"
Directory: /home/jagen31/Robotics/HotTarget/HotTarget
"Target2" start time: Feb 04 21:06 EST
Output:
----------------------------------------------------------
terminate called after throwing an instance of 'std::logic_error'
  what():  basic_string::_S_construct null not valid
<end of output>
Test time =   0.05 sec
----------------------------------------------------------
Test Fail Reason:
Required regular expression not found.Regex=[red ball finder found 0 match(es)*
blue ball finder found 0 match(es)*
]
"Target2" end time: Feb 04 21:06 EST
"Target2" time elapsed: 00:00:00
----------------------------------------------------------

7/7 Testing: FRC
7/7 Test: FRC
Command: "/home/jagen31/Robotics/HotTarget/HotTarget/run" "/home/jagen31/Robotics/HotTarget/HotTarget/FRC.jpg"
Directory: /home/jagen31/Robotics/HotTarget/HotTarget
"FRC" start time: Feb 04 21:06 EST
Output:
----------------------------------------------------------
terminate called after throwing an instance of 'std::logic_error'
  what():  basic_string::_S_construct null not valid
<end of output>
Test time =   0.06 sec
----------------------------------------------------------
Test Fail Reason:
Required regular expression not found.Regex=[red ball finder found 0 match(es)*
blue ball finder found 0 match(es)*
]
"FRC" end time: Feb 04 21:06 EST
"FRC" time elapsed: 00:00:00
----------------------------------------------------------

End testing: Feb 04 21:06 EST
