Start testing: Feb 01 16:44 EST
----------------------------------------------------------
1/7 Testing: Balls
1/7 Test: Balls
Command: "/home/jagen31/Robotics/HotTarget/HotTarget/run" "/home/jagen31/Robotics/HotTarget/HotTarget/balls.jpg"
Directory: /home/jagen31/Robotics/HotTarget/HotTarget
"Balls" start time: Feb 01 16:44 EST
Output:
----------------------------------------------------------
horiz target finder found 0 match(es)
vert target finder found 0 match(es)
blue ball finder found 1 match(es)
Match at: [568, 197]
red ball finder found 1 match(es)
Match at: [196, 182]
<end of output>
Test time =   0.05 sec
----------------------------------------------------------
Test Pass Reason:
Required regular expression found.Regex=[horiz target finder found 0 match(es)*
vert target finder found 0 match(es)*
]
"Balls" end time: Feb 01 16:44 EST
"Balls" time elapsed: 00:00:00
----------------------------------------------------------

2/7 Testing: BlueBall
2/7 Test: BlueBall
Command: "/home/jagen31/Robotics/HotTarget/HotTarget/run" "/home/jagen31/Robotics/HotTarget/HotTarget/blueball.jpg"
Directory: /home/jagen31/Robotics/HotTarget/HotTarget
"BlueBall" start time: Feb 01 16:44 EST
Output:
----------------------------------------------------------
horiz target finder found 0 match(es)
vert target finder found 0 match(es)
blue ball finder found 1 match(es)
Match at: [331, 335]
red ball finder found 0 match(es)
<end of output>
Test time =   0.07 sec
----------------------------------------------------------
Test Pass Reason:
Required regular expression found.Regex=[horiz target finder found 0 match(es)*
vert target finder found 0 match(es)*
red ball finder found 0 match(es)*
]
"BlueBall" end time: Feb 01 16:44 EST
"BlueBall" time elapsed: 00:00:00
----------------------------------------------------------

3/7 Testing: Target1
3/7 Test: Target1
Command: "/home/jagen31/Robotics/HotTarget/HotTarget/run" "/home/jagen31/Robotics/HotTarget/HotTarget/target1.jpg"
Directory: /home/jagen31/Robotics/HotTarget/HotTarget
"Target1" start time: Feb 01 16:44 EST
Output:
----------------------------------------------------------
horiz target finder found 1 match(es)
Match at: [417, 204]
vert target finder found 1 match(es)
Match at: [386, 233]
blue ball finder found 0 match(es)
red ball finder found 0 match(es)
<end of output>
Test time =   0.05 sec
----------------------------------------------------------
Test Pass Reason:
Required regular expression found.Regex=[red ball finder found 0 match(es)*
blue ball finder found 0 match(es)*
]
"Target1" end time: Feb 01 16:44 EST
"Target1" time elapsed: 00:00:00
----------------------------------------------------------

4/7 Testing: Balls3
4/7 Test: Balls3
Command: "/home/jagen31/Robotics/HotTarget/HotTarget/run" "/home/jagen31/Robotics/HotTarget/HotTarget/balls3.jpg"
Directory: /home/jagen31/Robotics/HotTarget/HotTarget
"Balls3" start time: Feb 01 16:44 EST
Output:
----------------------------------------------------------
horiz target finder found 0 match(es)
vert target finder found 0 match(es)
blue ball finder found 0 match(es)
red ball finder found 1 match(es)
Match at: [452, 135]
<end of output>
Test time =   0.10 sec
----------------------------------------------------------
Test Pass Reason:
Required regular expression found.Regex=[horiz target finder found 0 match(es)*
vert target finder found 0 match(es)*
blue ball finder found 0 match(es)*
]
"Balls3" end time: Feb 01 16:44 EST
"Balls3" time elapsed: 00:00:00
----------------------------------------------------------

5/7 Testing: ballOnChair
5/7 Test: ballOnChair
Command: "/home/jagen31/Robotics/HotTarget/HotTarget/run" "/home/jagen31/Robotics/HotTarget/HotTarget/ballOnChair.jpg"
Directory: /home/jagen31/Robotics/HotTarget/HotTarget
"ballOnChair" start time: Feb 01 16:44 EST
Output:
----------------------------------------------------------
horiz target finder found 0 match(es)
vert target finder found 0 match(es)
blue ball finder found 1 match(es)
Match at: [699, 658]
red ball finder found 0 match(es)
<end of output>
Test time =   0.17 sec
----------------------------------------------------------
Test Pass Reason:
Required regular expression found.Regex=[horiz target finder found 0 match(es)*
vert target finder found 0 match(es)*
red ball finder found 0 match(es)*
]
"ballOnChair" end time: Feb 01 16:44 EST
"ballOnChair" time elapsed: 00:00:00
----------------------------------------------------------

6/7 Testing: Target2
6/7 Test: Target2
Command: "/home/jagen31/Robotics/HotTarget/HotTarget/run" "/home/jagen31/Robotics/HotTarget/HotTarget/target2.jpg"
Directory: /home/jagen31/Robotics/HotTarget/HotTarget
"Target2" start time: Feb 01 16:44 EST
Output:
----------------------------------------------------------
horiz target finder found 1 match(es)
Match at: [267, 128]
vert target finder found 1 match(es)
Match at: [221, 164]
blue ball finder found 0 match(es)
red ball finder found 0 match(es)
<end of output>
Test time =   0.05 sec
----------------------------------------------------------
Test Pass Reason:
Required regular expression found.Regex=[red ball finder found 0 match(es)*
blue ball finder found 0 match(es)*
]
"Target2" end time: Feb 01 16:44 EST
"Target2" time elapsed: 00:00:00
----------------------------------------------------------

7/7 Testing: FRC
7/7 Test: FRC
Command: "/home/jagen31/Robotics/HotTarget/HotTarget/run" "/home/jagen31/Robotics/HotTarget/HotTarget/FRC.jpg"
Directory: /home/jagen31/Robotics/HotTarget/HotTarget
"FRC" start time: Feb 01 16:44 EST
Output:
----------------------------------------------------------
horiz target finder found 1 match(es)
Match at: [402, 227]
vert target finder found 1 match(es)
Match at: [369, 257]
blue ball finder found 0 match(es)
red ball finder found 0 match(es)
<end of output>
Test time =   0.05 sec
----------------------------------------------------------
Test Pass Reason:
Required regular expression found.Regex=[red ball finder found 0 match(es)*
blue ball finder found 0 match(es)*
]
"FRC" end time: Feb 01 16:44 EST
"FRC" time elapsed: 00:00:00
----------------------------------------------------------

End testing: Feb 01 16:44 EST
