<?xml version="1.0" encoding="UTF-8"?>
<Site BuildName="Linux-c++"
	BuildStamp="20140201-1922-Experimental"
	Name="j-arch"
	Generator="ctest-2.8.12.1"
	CompilerName="/usr/bin/c++"
	OSName="Linux"
	Hostname="j-arch"
	OSRelease="3.12.0-1-ARCH"
	OSVersion="#1 SMP PREEMPT Wed Nov 6 09:06:27 CET 2013"
	OSPlatform="x86_64"
	Is64Bits="1"
	VendorString="GenuineIntel"
	VendorID="Intel Corporation"
	FamilyID="6"
	ModelID="58"
	ProcessorCacheSize="3072"
	NumberOfLogicalCPU="4"
	NumberOfPhysicalCPU="2"
	TotalVirtualMemory="2999"
	TotalPhysicalMemory="5860"
	LogicalProcessorsPerPhysical="2"
	ProcessorClockFrequency="1432.91"
>
<Testing>
	<StartDateTime>Feb 01 14:22 EST</StartDateTime>
	<StartTestTime>1391282561</StartTestTime>
	<TestList>
		<Test>./Balls</Test>
	</TestList>
	<Test Status="passed">
		<Name>Balls</Name>
		<Path>.</Path>
		<FullName>./Balls</FullName>
		<FullCommandLine>/home/jagen31/Robotics/HotTarget/HotTarget/run &quot;/home/jagen31/Robotics/HotTarget/HotTarget/balls.jpg&quot;</FullCommandLine>
		<Results>
			<NamedMeasurement type="numeric/double" name="Execution Time"><Value>1.66596</Value></NamedMeasurement>
			<NamedMeasurement type="text/string" name="Completion Status"><Value>Completed</Value></NamedMeasurement>
			<NamedMeasurement type="text/string" name="Command Line"><Value>/home/jagen31/Robotics/HotTarget/HotTarget/run &quot;/home/jagen31/Robotics/HotTarget/HotTarget/balls.jpg&quot;</Value></NamedMeasurement>
			<Measurement>
				<Value>horiz target finder found 0 match(es)
vert target finder found 0 match(es)
blue ball finder found 1 match(es)
Match at: [568, 192]
red ball finder found 1 match(es)
Match at: [196, 182]
</Value>
			</Measurement>
		</Results>
	</Test>
	<EndDateTime>Feb 01 14:22 EST</EndDateTime>
	<EndTestTime>1391282562</EndTestTime>
<ElapsedMinutes>0</ElapsedMinutes></Testing>
</Site>
