<?xml version="1.0" encoding="UTF-8"?>
<Site BuildName="Linux-c++"
	BuildStamp="20140201-2144-Experimental"
	Name="j-arch"
	Generator="ctest-2.8.12.1"
	CompilerName="/usr/bin/c++"
	OSName="Linux"
	Hostname="j-arch"
	OSRelease="3.12.0-1-ARCH"
	OSVersion="#1 SMP PREEMPT Wed Nov 6 09:06:27 CET 2013"
	OSPlatform="x86_64"
	Is64Bits="1"
	VendorString="GenuineIntel"
	VendorID="Intel Corporation"
	FamilyID="6"
	ModelID="58"
	ProcessorCacheSize="3072"
	NumberOfLogicalCPU="4"
	NumberOfPhysicalCPU="2"
	TotalVirtualMemory="2999"
	TotalPhysicalMemory="5860"
	LogicalProcessorsPerPhysical="2"
	ProcessorClockFrequency="2998.73"
>
<Build>
	<StartDateTime>Feb 01 16:44 EST</StartDateTime>
	<StartBuildTime>1391291093</StartBuildTime>
<BuildCommand>/usr/bin/make -i</BuildCommand>
	<Log Encoding="base64" Compression="/bin/gzip">
	</Log>
	<EndDateTime>Feb 01 16:44 EST</EndDateTime>
	<EndBuildTime>1391291093</EndBuildTime>
<ElapsedMinutes>0</ElapsedMinutes></Build>
</Site>
