Start testing: Feb 01 14:14 EST
----------------------------------------------------------
1/1 Testing: Balls
1/1 Test: Balls
Command: "/home/jagen31/Robotics/HotTarget/HotTarget/build/run" "/home/jagen31/Robotics/HotTarget/HotTarget/balls.jpg"
Directory: /home/jagen31/Robotics/HotTarget/HotTarget/build
"Balls" start time: Feb 01 14:14 EST
Output:
----------------------------------------------------------
horiz target finder found 0 match(es)
vert target finder found 0 match(es)
blue ball finder found 1 match(es)
Match at: [568, 192]
red ball finder found 1 match(es)
Match at: [196, 182]
<end of output>
Test time =   3.52 sec
----------------------------------------------------------
Test Fail Reason:
Required regular expression not found.Regex=[horiz target finder found 0 match(es)
vert target finder found 0 match(es)
]
"Balls" end time: Feb 01 14:14 EST
"Balls" time elapsed: 00:00:03
----------------------------------------------------------

End testing: Feb 01 14:14 EST
